{"/Users/sidharth/Downloads/telestra/lib/log/interfaces/index.ts": {"path":"/Users/sidharth/Downloads/telestra/lib/log/interfaces/index.ts","statementMap":{"0":{"start":{"line":1,"column":0},"end":{"line":1,"column":null}},"1":{"start":{"line":2,"column":2},"end":{"line":2,"column":null}},"2":{"start":{"line":3,"column":2},"end":{"line":3,"column":null}}},"fnMap":{"0":{"name":"(anonymous_0)","decl":{"start":{"line":1,"column":0},"end":{"line":1,"column":12}},"loc":{"start":{"line":1,"column":18},"end":{"line":4,"column":1}}}},"branchMap":{"0":{"loc":{"start":{"line":1,"column":12},"end":{"line":1,"column":null}},"type":"binary-expr","locations":[{"start":{"line":1,"column":12},"end":{"line":1,"column":18}},{"start":{"line":1,"column":12},"end":{"line":1,"column":null}}]}},"s":{"0":1,"1":1,"2":1},"f":{"0":1},"b":{"0":[1,1]}}
,"/Users/sidharth/Downloads/telestra/src/json-mapper/index.ts": {"path":"/Users/sidharth/Downloads/telestra/src/json-mapper/index.ts","statementMap":{"0":{"start":{"line":1,"column":0},"end":{"line":1,"column":22}},"1":{"start":{"line":2,"column":0},"end":{"line":2,"column":45}},"2":{"start":{"line":5,"column":0},"end":{"line":5,"column":63}},"3":{"start":{"line":13,"column":4},"end":{"line":16,"column":7}},"4":{"start":{"line":20,"column":4},"end":{"line":50,"column":null}},"5":{"start":{"line":21,"column":59},"end":{"line":21,"column":86}},"6":{"start":{"line":23,"column":6},"end":{"line":30,"column":null}},"7":{"start":{"line":24,"column":8},"end":{"line":29,"column":10}},"8":{"start":{"line":32,"column":31},"end":{"line":32,"column":53}},"9":{"start":{"line":34,"column":24},"end":{"line":36,"column":62}},"10":{"start":{"line":38,"column":6},"end":{"line":41,"column":8}},"11":{"start":{"line":44,"column":6},"end":{"line":49,"column":null}},"12":{"start":{"line":8,"column":0},"end":{"line":8,"column":13}}},"fnMap":{"0":{"name":"(anonymous_1)","decl":{"start":{"line":12,"column":2},"end":{"line":12,"column":null}},"loc":{"start":{"line":12,"column":2},"end":{"line":17,"column":3}}},"1":{"name":"(anonymous_2)","decl":{"start":{"line":19,"column":9},"end":{"line":19,"column":14}},"loc":{"start":{"line":19,"column":39},"end":{"line":52,"column":3}}}},"branchMap":{"0":{"loc":{"start":{"line":23,"column":6},"end":{"line":30,"column":null}},"type":"if","locations":[{"start":{"line":23,"column":6},"end":{"line":30,"column":null}}]}},"s":{"0":1,"1":1,"2":1,"3":4,"4":4,"5":4,"6":4,"7":1,"8":3,"9":3,"10":3,"11":0,"12":1},"f":{"0":4,"1":4},"b":{"0":[1]}}
,"/Users/sidharth/Downloads/telestra/src/json-mapper/controllers/mapper.controller.ts": {"path":"/Users/sidharth/Downloads/telestra/src/json-mapper/controllers/mapper.controller.ts","statementMap":{"0":{"start":{"line":1,"column":0},"end":{"line":1,"column":45}},"1":{"start":{"line":9,"column":4},"end":{"line":9,"column":24}},"2":{"start":{"line":10,"column":4},"end":{"line":10,"column":27}},"3":{"start":{"line":15,"column":4},"end":{"line":48,"column":null}},"4":{"start":{"line":16,"column":6},"end":{"line":38,"column":null}},"5":{"start":{"line":17,"column":8},"end":{"line":29,"column":null}},"6":{"start":{"line":18,"column":10},"end":{"line":28,"column":null}},"7":{"start":{"line":19,"column":12},"end":{"line":19,"column":40}},"8":{"start":{"line":24,"column":28},"end":{"line":24,"column":51}},"9":{"start":{"line":25,"column":12},"end":{"line":27,"column":null}},"10":{"start":{"line":26,"column":14},"end":{"line":26,"column":66}},"11":{"start":{"line":34,"column":24},"end":{"line":34,"column":53}},"12":{"start":{"line":35,"column":8},"end":{"line":37,"column":null}},"13":{"start":{"line":36,"column":10},"end":{"line":36,"column":74}},"14":{"start":{"line":39,"column":6},"end":{"line":39,"column":null}},"15":{"start":{"line":42,"column":6},"end":{"line":47,"column":null}},"16":{"start":{"line":52,"column":0},"end":{"line":52,"column":32}}},"fnMap":{"0":{"name":"(anonymous_0)","decl":{"start":{"line":8,"column":2},"end":{"line":8,"column":null}},"loc":{"start":{"line":8,"column":2},"end":{"line":11,"column":3}}},"1":{"name":"(anonymous_1)","decl":{"start":{"line":14,"column":9},"end":{"line":14,"column":24}},"loc":{"start":{"line":14,"column":36},"end":{"line":49,"column":3}}}},"branchMap":{"0":{"loc":{"start":{"line":16,"column":6},"end":{"line":38,"column":null}},"type":"if","locations":[{"start":{"line":16,"column":6},"end":{"line":38,"column":null}},{"start":{"line":31,"column":10},"end":{"line":38,"column":null}}]},"1":{"loc":{"start":{"line":18,"column":10},"end":{"line":28,"column":null}},"type":"if","locations":[{"start":{"line":18,"column":10},"end":{"line":28,"column":null}},{"start":{"line":21,"column":14},"end":{"line":28,"column":null}}]},"2":{"loc":{"start":{"line":25,"column":12},"end":{"line":27,"column":null}},"type":"if","locations":[{"start":{"line":25,"column":12},"end":{"line":27,"column":null}}]},"3":{"loc":{"start":{"line":25,"column":15},"end":{"line":25,"column":65}},"type":"binary-expr","locations":[{"start":{"line":25,"column":15},"end":{"line":25,"column":22}},{"start":{"line":25,"column":26},"end":{"line":25,"column":65}}]},"4":{"loc":{"start":{"line":35,"column":8},"end":{"line":37,"column":null}},"type":"if","locations":[{"start":{"line":35,"column":8},"end":{"line":37,"column":null}}]}},"s":{"0":1,"1":3,"2":3,"3":6,"4":6,"5":5,"6":17,"7":3,"8":14,"9":14,"10":7,"11":1,"12":1,"13":1,"14":6,"15":0,"16":1},"f":{"0":3,"1":6},"b":{"0":[5,1],"1":[3,14],"2":[7],"3":[14,9],"4":[1]}}
}
