TN:
SF:lib/log/interfaces/index.ts
FN:1,(anonymous_0)
FNF:1
FNH:1
FNDA:1,(anonymous_0)
DA:1,1
DA:2,1
DA:3,1
LF:3
LH:3
BRDA:1,0,0,1
BRDA:1,0,1,1
BRF:2
BRH:2
end_of_record
TN:
SF:src/json-mapper/index.ts
FN:12,(anonymous_1)
FN:19,(anonymous_2)
FNF:2
FNH:2
FNDA:3,(anonymous_1)
FNDA:3,(anonymous_2)
DA:1,1
DA:2,1
DA:5,1
DA:8,1
DA:13,3
DA:20,3
DA:21,3
DA:23,3
DA:24,1
DA:32,2
DA:34,2
DA:38,2
DA:44,0
LF:13
LH:12
BRDA:23,0,0,1
BRF:1
BRH:1
end_of_record
TN:
SF:src/json-mapper/controllers/mapper.controller.ts
FN:8,(anonymous_0)
FN:13,(anonymous_1)
FNF:2
FNH:2
FNDA:2,(anonymous_0)
FNDA:5,(anonymous_1)
DA:1,1
DA:9,2
DA:10,2
DA:14,5
DA:15,5
DA:16,4
DA:17,15
DA:18,3
DA:21,12
DA:22,12
DA:23,7
DA:29,1
DA:30,1
DA:31,1
DA:34,5
DA:37,0
DA:47,1
LF:17
LH:16
BRDA:15,0,0,4
BRDA:15,0,1,1
BRDA:17,1,0,3
BRDA:17,1,1,12
BRDA:22,2,0,7
BRDA:30,3,0,1
BRF:6
BRH:6
end_of_record
